app/build/intermediates/manifest_merge_blame_file/debug/manifest-merger-blame-debug-report.txt
1<?xml version="1.0" encoding="utf-8"?>
2<manifest xmlns:android="http://schemas.android.com/apk/res/android"
3    package="com.aivoice.translate"
4    android:versionCode="2"
5    android:versionName="1.1" >
6
7    <uses-sdk
8        android:minSdkVersion="21"
8-->src\main\AndroidManifest.xml
9        android:targetSdkVersion="33" />
9-->src\main\AndroidManifest.xml
10
11    <uses-feature
11-->src\main\AndroidManifest.xml:6:5-8:36
12        android:name="android.hardware.camera"
12-->src\main\AndroidManifest.xml:7:9-47
13        android:required="false" />
13-->src\main\AndroidManifest.xml:8:9-33
14
15    <uses-permission android:name="android.permission.INTERNET" />
15-->src\main\AndroidManifest.xml:10:5-67
15-->src\main\AndroidManifest.xml:10:22-64
16    <uses-permission android:name="android.permission.ACCESS_WIFI_STATE" />
16-->src\main\AndroidManifest.xml:11:5-76
16-->src\main\AndroidManifest.xml:11:22-73
17    <uses-permission android:name="android.permission.ACCESS_NETWORK_STATE" />
17-->src\main\AndroidManifest.xml:12:5-79
17-->src\main\AndroidManifest.xml:12:22-76
18    <uses-permission android:name="android.permission.CHANGE_WIFI_STATE" />
18-->src\main\AndroidManifest.xml:13:5-76
18-->src\main\AndroidManifest.xml:13:22-73
19    <uses-permission
19-->src\main\AndroidManifest.xml:14:5-16:38
20        android:name="android.permission.WRITE_EXTERNAL_STORAGE"
20-->src\main\AndroidManifest.xml:15:9-65
21        android:maxSdkVersion="29" />
21-->src\main\AndroidManifest.xml:16:9-35
22    <uses-permission android:name="android.permission.READ_EXTERNAL_STORAGE" />
22-->src\main\AndroidManifest.xml:17:5-80
22-->src\main\AndroidManifest.xml:17:22-77
23    <uses-permission android:name="android.permission.CAMERA" />
23-->src\main\AndroidManifest.xml:18:5-65
23-->src\main\AndroidManifest.xml:18:22-62
24    <uses-permission android:name="android.permission.RECORD_AUDIO" />
24-->src\main\AndroidManifest.xml:19:5-71
24-->src\main\AndroidManifest.xml:19:22-68
25
26    <queries>
26-->[com.github.dhaval2404:imagepicker:2.1] AndroidManifest.xml:9:5-19:15
27
28        <!-- Query Camera Packages -->
29        <intent>
29-->[com.github.dhaval2404:imagepicker:2.1] AndroidManifest.xml:12:9-14:18
30            <action android:name="android.media.action.IMAGE_CAPTURE" />
30-->[com.github.dhaval2404:imagepicker:2.1] AndroidManifest.xml:13:13-73
30-->[com.github.dhaval2404:imagepicker:2.1] AndroidManifest.xml:13:21-70
31        </intent>
32        <!-- Query Open Document -->
33        <intent>
33-->[com.github.dhaval2404:imagepicker:2.1] AndroidManifest.xml:16:9-18:18
34            <action android:name="android.intent.action.OPEN_DOCUMENT_TREE" />
34-->[com.github.dhaval2404:imagepicker:2.1] AndroidManifest.xml:17:13-79
34-->[com.github.dhaval2404:imagepicker:2.1] AndroidManifest.xml:17:21-76
35        </intent>
36        <!-- For browser content -->
37        <intent>
37-->[com.google.android.gms:play-services-ads-lite:22.0.0] AndroidManifest.xml:35:9-41:18
38            <action android:name="android.intent.action.VIEW" />
38-->[com.google.firebase:firebase-auth:21.1.0] AndroidManifest.xml:34:17-69
38-->[com.google.firebase:firebase-auth:21.1.0] AndroidManifest.xml:34:25-66
39
40            <category android:name="android.intent.category.BROWSABLE" />
40-->[com.google.firebase:firebase-auth:21.1.0] AndroidManifest.xml:37:17-78
40-->[com.google.firebase:firebase-auth:21.1.0] AndroidManifest.xml:37:27-75
41
42            <data android:scheme="https" />
42-->[com.google.firebase:firebase-auth:21.1.0] AndroidManifest.xml:39:17-42:51
42-->[com.google.firebase:firebase-auth:21.1.0] AndroidManifest.xml:42:21-48
43        </intent> <!-- End of browser content -->
44        <!-- For CustomTabsService -->
45        <intent>
45-->[com.google.android.gms:play-services-ads-lite:22.0.0] AndroidManifest.xml:44:9-46:18
46            <action android:name="android.support.customtabs.action.CustomTabsService" />
46-->[com.google.android.gms:play-services-ads-lite:22.0.0] AndroidManifest.xml:45:13-90
46-->[com.google.android.gms:play-services-ads-lite:22.0.0] AndroidManifest.xml:45:21-87
47        </intent>
48    </queries>
49
50    <uses-permission android:name="android.permission.POST_NOTIFICATIONS" />
50-->[com.google.firebase:firebase-messaging:23.1.1] AndroidManifest.xml:25:5-77
50-->[com.google.firebase:firebase-messaging:23.1.1] AndroidManifest.xml:25:22-74
51    <uses-permission android:name="android.permission.WAKE_LOCK" /> <!-- Required by older versions of Google Play services to create IID tokens -->
51-->[com.google.firebase:firebase-messaging:23.1.1] AndroidManifest.xml:26:5-68
51-->[com.google.firebase:firebase-messaging:23.1.1] AndroidManifest.xml:26:22-65
52    <uses-permission android:name="com.google.android.c2dm.permission.RECEIVE" />
52-->[com.google.firebase:firebase-messaging:23.1.1] AndroidManifest.xml:28:5-82
52-->[com.google.firebase:firebase-messaging:23.1.1] AndroidManifest.xml:28:22-79
53    <uses-permission android:name="com.google.android.gms.permission.AD_ID" />
53-->[com.google.android.gms:play-services-ads-lite:22.0.0] AndroidManifest.xml:26:5-79
53-->[com.google.android.gms:play-services-ads-lite:22.0.0] AndroidManifest.xml:26:22-76
54    <uses-permission android:name="android.permission.FOREGROUND_SERVICE" />
54-->[androidx.work:work-runtime:2.8.1] AndroidManifest.xml:26:5-77
54-->[androidx.work:work-runtime:2.8.1] AndroidManifest.xml:26:22-74
55
56    <permission
56-->[androidx.core:core:1.9.0] AndroidManifest.xml:22:5-24:47
57        android:name="com.aivoice.translate.DYNAMIC_RECEIVER_NOT_EXPORTED_PERMISSION"
57-->[androidx.core:core:1.9.0] AndroidManifest.xml:23:9-81
58        android:protectionLevel="signature" />
58-->[androidx.core:core:1.9.0] AndroidManifest.xml:24:9-44
59
60    <uses-permission android:name="com.aivoice.translate.DYNAMIC_RECEIVER_NOT_EXPORTED_PERMISSION" />
60-->[androidx.core:core:1.9.0] AndroidManifest.xml:26:5-97
60-->[androidx.core:core:1.9.0] AndroidManifest.xml:26:22-94
61
62    <application
62-->src\main\AndroidManifest.xml:21:5-105:19
63        android:name="com.aivoice.translate.MyApp"
63-->src\main\AndroidManifest.xml:22:9-51
64        android:allowBackup="false"
64-->src\main\AndroidManifest.xml:23:9-36
65        android:appComponentFactory="androidx.core.app.CoreComponentFactory"
65-->[androidx.core:core:1.9.0] AndroidManifest.xml:28:18-86
66        android:debuggable="true"
67        android:icon="@mipmap/ic_launcher"
67-->src\main\AndroidManifest.xml:24:9-43
68        android:label="@string/app_name"
68-->src\main\AndroidManifest.xml:25:9-41
69        android:largeHeap="true"
69-->src\main\AndroidManifest.xml:26:9-33
70        android:requestLegacyExternalStorage="true"
70-->src\main\AndroidManifest.xml:27:9-52
71        android:supportsRtl="true"
71-->src\main\AndroidManifest.xml:28:9-35
72        android:testOnly="true"
73        android:theme="@style/AppTheme"
73-->src\main\AndroidManifest.xml:29:9-40
74        android:usesCleartextTraffic="true" >
74-->src\main\AndroidManifest.xml:30:9-44
75        <activity
75-->src\main\AndroidManifest.xml:32:9-34:40
76            android:name="com.aivoice.translate.Activity.ExitActivity"
76-->src\main\AndroidManifest.xml:33:13-50
77            android:exported="false" />
77-->src\main\AndroidManifest.xml:34:13-37
78        <activity
78-->src\main\AndroidManifest.xml:35:9-44:20
79            android:name="com.aivoice.translate.Activity.SplashActivity"
79-->src\main\AndroidManifest.xml:36:13-52
80            android:exported="true"
80-->src\main\AndroidManifest.xml:37:13-36
81            android:screenOrientation="portrait" >
81-->src\main\AndroidManifest.xml:38:13-49
82            <intent-filter>
82-->src\main\AndroidManifest.xml:39:13-43:29
83                <action android:name="android.intent.action.MAIN" />
83-->src\main\AndroidManifest.xml:40:17-69
83-->src\main\AndroidManifest.xml:40:25-66
84
85                <category android:name="android.intent.category.LAUNCHER" />
85-->src\main\AndroidManifest.xml:42:17-77
85-->src\main\AndroidManifest.xml:42:27-74
86            </intent-filter>
87        </activity>
88        <activity
88-->src\main\AndroidManifest.xml:45:9-48:52
89            android:name="com.aivoice.translate.Activity.IntroActivity"
89-->src\main\AndroidManifest.xml:46:13-51
90            android:exported="false"
90-->src\main\AndroidManifest.xml:47:13-37
91            android:screenOrientation="portrait" />
91-->src\main\AndroidManifest.xml:48:13-49
92        <activity
92-->src\main\AndroidManifest.xml:49:9-52:52
93            android:name="com.aivoice.translate.Activity.HomeActivity"
93-->src\main\AndroidManifest.xml:50:13-50
94            android:exported="false"
94-->src\main\AndroidManifest.xml:51:13-37
95            android:screenOrientation="portrait" />
95-->src\main\AndroidManifest.xml:52:13-49
96        <activity
96-->src\main\AndroidManifest.xml:53:9-56:52
97            android:name="com.aivoice.translate.Activity.StartActivity"
97-->src\main\AndroidManifest.xml:54:13-51
98            android:exported="false"
98-->src\main\AndroidManifest.xml:55:13-37
99            android:screenOrientation="portrait" />
99-->src\main\AndroidManifest.xml:56:13-49
100        <activity
100-->src\main\AndroidManifest.xml:57:9-60:52
101            android:name="com.aivoice.translate.Activity.VoiceActivity"
101-->src\main\AndroidManifest.xml:58:13-51
102            android:exported="false"
102-->src\main\AndroidManifest.xml:59:13-37
103            android:screenOrientation="portrait" />
103-->src\main\AndroidManifest.xml:60:13-49
104        <activity
104-->src\main\AndroidManifest.xml:61:9-64:52
105            android:name="com.aivoice.translate.Activity.LanguageActivity"
105-->src\main\AndroidManifest.xml:62:13-54
106            android:exported="false"
106-->src\main\AndroidManifest.xml:63:13-37
107            android:screenOrientation="portrait" />
107-->src\main\AndroidManifest.xml:64:13-49
108        <activity
108-->src\main\AndroidManifest.xml:65:9-68:52
109            android:name="com.aivoice.translate.Activity.TextActivity"
109-->src\main\AndroidManifest.xml:66:13-50
110            android:exported="false"
110-->src\main\AndroidManifest.xml:67:13-37
111            android:screenOrientation="portrait" />
111-->src\main\AndroidManifest.xml:68:13-49
112        <activity
112-->src\main\AndroidManifest.xml:69:9-72:52
113            android:name="com.aivoice.translate.Activity.CameraActivity"
113-->src\main\AndroidManifest.xml:70:13-52
114            android:exported="false"
114-->src\main\AndroidManifest.xml:71:13-37
115            android:screenOrientation="portrait" />
115-->src\main\AndroidManifest.xml:72:13-49
116
117        <provider
118            android:name="androidx.core.content.FileProvider"
118-->src\main\AndroidManifest.xml:75:13-62
119            android:authorities="com.aivoice.translate.provider"
119-->src\main\AndroidManifest.xml:76:13-60
120            android:exported="false"
120-->src\main\AndroidManifest.xml:77:13-37
121            android:grantUriPermissions="true" >
121-->src\main\AndroidManifest.xml:78:13-47
122            <meta-data
122-->src\main\AndroidManifest.xml:79:13-81:58
123                android:name="android.support.FILE_PROVIDER_PATHS"
123-->src\main\AndroidManifest.xml:80:17-67
124                android:resource="@xml/provider_paths" />
124-->src\main\AndroidManifest.xml:81:17-55
125        </provider>
126
127        <service
127-->src\main\AndroidManifest.xml:84:9-90:19
128            android:name="com.aivoice.translate.AdsUtils.FirebaseADHandlers.FirebaseMessagingService"
128-->src\main\AndroidManifest.xml:85:13-102
129            android:exported="true" >
129-->src\main\AndroidManifest.xml:86:13-36
130            <intent-filter>
130-->src\main\AndroidManifest.xml:87:13-89:29
131                <action android:name="com.google.firebase.MESSAGING_EVENT" />
131-->src\main\AndroidManifest.xml:88:17-78
131-->src\main\AndroidManifest.xml:88:25-75
132            </intent-filter>
133        </service>
134
135        <meta-data
135-->src\main\AndroidManifest.xml:92:9-94:70
136            android:name="com.google.android.gms.ads.APPLICATION_ID"
136-->src\main\AndroidManifest.xml:93:13-69
137            android:value="ca-app-pub-3940256099942544~3347511713" />
137-->src\main\AndroidManifest.xml:94:13-67
138        <meta-data
138-->src\main\AndroidManifest.xml:95:9-97:54
139            android:name="com.google.firebase.messaging.default_notification_icon"
139-->src\main\AndroidManifest.xml:96:13-83
140            android:resource="@mipmap/ic_launcher" />
140-->src\main\AndroidManifest.xml:97:13-51
141        <meta-data
141-->src\main\AndroidManifest.xml:98:9-100:54
142            android:name="com.google.firebase.messaging.default_notification_color"
142-->src\main\AndroidManifest.xml:99:13-84
143            android:resource="@color/colorPrimary" />
143-->src\main\AndroidManifest.xml:100:13-51
144
145        <uses-library
145-->src\main\AndroidManifest.xml:102:9-104:40
146            android:name="org.apache.http.legacy"
146-->src\main\AndroidManifest.xml:103:13-50
147            android:required="false" />
147-->src\main\AndroidManifest.xml:104:13-37
148
149        <activity
149-->[com.github.dhaval2404:imagepicker:2.1] AndroidManifest.xml:22:9-25:68
150            android:name="com.github.dhaval2404.imagepicker.ImagePickerActivity"
150-->[com.github.dhaval2404:imagepicker:2.1] AndroidManifest.xml:23:13-81
151            android:screenOrientation="unspecified"
151-->[com.github.dhaval2404:imagepicker:2.1] AndroidManifest.xml:24:13-52
152            android:theme="@style/Theme.Transparent.ImagePicker" />
152-->[com.github.dhaval2404:imagepicker:2.1] AndroidManifest.xml:25:13-65
153        <activity
153-->[com.github.dhaval2404:imagepicker:2.1] AndroidManifest.xml:26:9-29:72
154            android:name="com.yalantis.ucrop.UCropActivity"
154-->[com.github.dhaval2404:imagepicker:2.1] AndroidManifest.xml:27:13-60
155            android:screenOrientation="portrait"
155-->[com.github.dhaval2404:imagepicker:2.1] AndroidManifest.xml:28:13-49
156            android:theme="@style/Theme.AppCompat.Light.NoActionBar" />
156-->[com.github.dhaval2404:imagepicker:2.1] AndroidManifest.xml:29:13-69
157
158        <provider
158-->[com.github.dhaval2404:imagepicker:2.1] AndroidManifest.xml:31:9-39:20
159            android:name="com.github.dhaval2404.imagepicker.ImagePickerFileProvider"
159-->[com.github.dhaval2404:imagepicker:2.1] AndroidManifest.xml:32:13-85
160            android:authorities="com.aivoice.translate.imagepicker.provider"
160-->[com.github.dhaval2404:imagepicker:2.1] AndroidManifest.xml:33:13-72
161            android:exported="false"
161-->[com.github.dhaval2404:imagepicker:2.1] AndroidManifest.xml:34:13-37
162            android:grantUriPermissions="true" >
162-->[com.github.dhaval2404:imagepicker:2.1] AndroidManifest.xml:35:13-47
163            <meta-data
163-->src\main\AndroidManifest.xml:79:13-81:58
164                android:name="android.support.FILE_PROVIDER_PATHS"
164-->src\main\AndroidManifest.xml:80:17-67
165                android:resource="@xml/image_picker_provider_paths" />
165-->src\main\AndroidManifest.xml:81:17-55
166        </provider>
167
168        <activity
168-->[io.github.ParkSangGwon:tedpermission:3.3.0] AndroidManifest.xml:10:9-14:67
169            android:name="com.gun0912.tedpermission.TedPermissionActivity"
169-->[io.github.ParkSangGwon:tedpermission:3.3.0] AndroidManifest.xml:11:13-75
170            android:configChanges="mcc|mnc|locale|keyboard|keyboardHidden|screenLayout|fontScale|uiMode|orientation|screenSize|layoutDirection"
170-->[io.github.ParkSangGwon:tedpermission:3.3.0] AndroidManifest.xml:12:13-144
171            android:screenOrientation="unspecified"
171-->[io.github.ParkSangGwon:tedpermission:3.3.0] AndroidManifest.xml:13:13-52
172            android:theme="@style/Theme.Transparent.Permission" />
172-->[io.github.ParkSangGwon:tedpermission:3.3.0] AndroidManifest.xml:14:13-64
173
174        <provider
174-->[io.github.ParkSangGwon:tedpermission:3.3.0] AndroidManifest.xml:16:9-19:40
175            android:name="com.gun0912.tedpermission.provider.TedPermissionProvider"
175-->[io.github.ParkSangGwon:tedpermission:3.3.0] AndroidManifest.xml:17:13-84
176            android:authorities="com.aivoice.translate.tedpermissionprovider"
176-->[io.github.ParkSangGwon:tedpermission:3.3.0] AndroidManifest.xml:18:13-73
177            android:exported="false" />
177-->[io.github.ParkSangGwon:tedpermission:3.3.0] AndroidManifest.xml:19:13-37
178
179        <activity
179-->[com.google.firebase:firebase-auth:21.1.0] AndroidManifest.xml:27:9-44:20
180            android:name="com.google.firebase.auth.internal.GenericIdpActivity"
180-->[com.google.firebase:firebase-auth:21.1.0] AndroidManifest.xml:28:13-80
181            android:excludeFromRecents="true"
181-->[com.google.firebase:firebase-auth:21.1.0] AndroidManifest.xml:29:13-46
182            android:exported="true"
182-->[com.google.firebase:firebase-auth:21.1.0] AndroidManifest.xml:30:13-36
183            android:launchMode="singleTask"
183-->[com.google.firebase:firebase-auth:21.1.0] AndroidManifest.xml:31:13-44
184            android:theme="@android:style/Theme.Translucent.NoTitleBar" >
184-->[com.google.firebase:firebase-auth:21.1.0] AndroidManifest.xml:32:13-72
185            <intent-filter>
185-->[com.google.firebase:firebase-auth:21.1.0] AndroidManifest.xml:33:13-43:29
186                <action android:name="android.intent.action.VIEW" />
186-->[com.google.firebase:firebase-auth:21.1.0] AndroidManifest.xml:34:17-69
186-->[com.google.firebase:firebase-auth:21.1.0] AndroidManifest.xml:34:25-66
187
188                <category android:name="android.intent.category.DEFAULT" />
188-->[com.google.firebase:firebase-auth:21.1.0] AndroidManifest.xml:36:17-76
188-->[com.google.firebase:firebase-auth:21.1.0] AndroidManifest.xml:36:27-73
189                <category android:name="android.intent.category.BROWSABLE" />
189-->[com.google.firebase:firebase-auth:21.1.0] AndroidManifest.xml:37:17-78
189-->[com.google.firebase:firebase-auth:21.1.0] AndroidManifest.xml:37:27-75
190
191                <data
191-->[com.google.firebase:firebase-auth:21.1.0] AndroidManifest.xml:39:17-42:51
192                    android:host="firebase.auth"
192-->[com.google.firebase:firebase-auth:21.1.0] AndroidManifest.xml:40:21-49
193                    android:path="/"
193-->[com.google.firebase:firebase-auth:21.1.0] AndroidManifest.xml:41:21-37
194                    android:scheme="genericidp" />
194-->[com.google.firebase:firebase-auth:21.1.0] AndroidManifest.xml:42:21-48
195            </intent-filter>
196        </activity>
197        <activity
197-->[com.google.firebase:firebase-auth:21.1.0] AndroidManifest.xml:45:9-62:20
198            android:name="com.google.firebase.auth.internal.RecaptchaActivity"
198-->[com.google.firebase:firebase-auth:21.1.0] AndroidManifest.xml:46:13-79
199            android:excludeFromRecents="true"
199-->[com.google.firebase:firebase-auth:21.1.0] AndroidManifest.xml:47:13-46
200            android:exported="true"
200-->[com.google.firebase:firebase-auth:21.1.0] AndroidManifest.xml:48:13-36
201            android:launchMode="singleTask"
201-->[com.google.firebase:firebase-auth:21.1.0] AndroidManifest.xml:49:13-44
202            android:theme="@android:style/Theme.Translucent.NoTitleBar" >
202-->[com.google.firebase:firebase-auth:21.1.0] AndroidManifest.xml:50:13-72
203            <intent-filter>
203-->[com.google.firebase:firebase-auth:21.1.0] AndroidManifest.xml:51:13-61:29
204                <action android:name="android.intent.action.VIEW" />
204-->[com.google.firebase:firebase-auth:21.1.0] AndroidManifest.xml:34:17-69
204-->[com.google.firebase:firebase-auth:21.1.0] AndroidManifest.xml:34:25-66
205
206                <category android:name="android.intent.category.DEFAULT" />
206-->[com.google.firebase:firebase-auth:21.1.0] AndroidManifest.xml:36:17-76
206-->[com.google.firebase:firebase-auth:21.1.0] AndroidManifest.xml:36:27-73
207                <category android:name="android.intent.category.BROWSABLE" />
207-->[com.google.firebase:firebase-auth:21.1.0] AndroidManifest.xml:37:17-78
207-->[com.google.firebase:firebase-auth:21.1.0] AndroidManifest.xml:37:27-75
208
209                <data
209-->[com.google.firebase:firebase-auth:21.1.0] AndroidManifest.xml:39:17-42:51
210                    android:host="firebase.auth"
210-->[com.google.firebase:firebase-auth:21.1.0] AndroidManifest.xml:40:21-49
211                    android:path="/"
211-->[com.google.firebase:firebase-auth:21.1.0] AndroidManifest.xml:41:21-37
212                    android:scheme="recaptcha" />
212-->[com.google.firebase:firebase-auth:21.1.0] AndroidManifest.xml:42:21-48
213            </intent-filter>
214        </activity>
215
216        <service
216-->[com.google.firebase:firebase-auth:21.1.0] AndroidManifest.xml:64:9-70:19
217            android:name="com.google.firebase.components.ComponentDiscoveryService"
217-->[com.google.firebase:firebase-auth:21.1.0] AndroidManifest.xml:65:13-84
218            android:directBootAware="true"
218-->[com.google.firebase:firebase-common:20.2.0] AndroidManifest.xml:34:13-43
219            android:exported="false" >
219-->[com.google.firebase:firebase-auth:21.1.0] AndroidManifest.xml:66:13-37
220            <meta-data
220-->[com.google.firebase:firebase-auth:21.1.0] AndroidManifest.xml:67:13-69:85
221                android:name="com.google.firebase.components:com.google.firebase.auth.FirebaseAuthRegistrar"
221-->[com.google.firebase:firebase-auth:21.1.0] AndroidManifest.xml:68:17-109
222                android:value="com.google.firebase.components.ComponentRegistrar" />
222-->[com.google.firebase:firebase-auth:21.1.0] AndroidManifest.xml:69:17-82
223            <meta-data
223-->[com.google.firebase:firebase-config:21.2.0] AndroidManifest.xml:31:13-33:85
224                android:name="com.google.firebase.components:com.google.firebase.remoteconfig.RemoteConfigRegistrar"
224-->[com.google.firebase:firebase-config:21.2.0] AndroidManifest.xml:32:17-117
225                android:value="com.google.firebase.components.ComponentRegistrar" />
225-->[com.google.firebase:firebase-config:21.2.0] AndroidManifest.xml:33:17-82
226            <meta-data
226-->[com.google.firebase:firebase-messaging:23.1.1] AndroidManifest.xml:55:13-57:85
227                android:name="com.google.firebase.components:com.google.firebase.messaging.FirebaseMessagingRegistrar"
227-->[com.google.firebase:firebase-messaging:23.1.1] AndroidManifest.xml:56:17-119
228                android:value="com.google.firebase.components.ComponentRegistrar" />
228-->[com.google.firebase:firebase-messaging:23.1.1] AndroidManifest.xml:57:17-82
229            <meta-data
229-->[com.google.firebase:firebase-datatransport:18.1.7] AndroidManifest.xml:27:13-29:85
230                android:name="com.google.firebase.components:com.google.firebase.datatransport.TransportRegistrar"
230-->[com.google.firebase:firebase-datatransport:18.1.7] AndroidManifest.xml:28:17-115
231                android:value="com.google.firebase.components.ComponentRegistrar" />
231-->[com.google.firebase:firebase-datatransport:18.1.7] AndroidManifest.xml:29:17-82
232            <meta-data
232-->[com.google.firebase:firebase-abt:21.0.2] AndroidManifest.xml:13:13-15:85
233                android:name="com.google.firebase.components:com.google.firebase.abt.component.AbtRegistrar"
233-->[com.google.firebase:firebase-abt:21.0.2] AndroidManifest.xml:14:17-109
234                android:value="com.google.firebase.components.ComponentRegistrar" />
234-->[com.google.firebase:firebase-abt:21.0.2] AndroidManifest.xml:15:17-82
235            <meta-data
235-->[com.google.firebase:firebase-installations:17.1.0] AndroidManifest.xml:17:13-19:85
236                android:name="com.google.firebase.components:com.google.firebase.installations.FirebaseInstallationsRegistrar"
236-->[com.google.firebase:firebase-installations:17.1.0] AndroidManifest.xml:18:17-127
237                android:value="com.google.firebase.components.ComponentRegistrar" />
237-->[com.google.firebase:firebase-installations:17.1.0] AndroidManifest.xml:19:17-82
238        </service>
239
240        <activity
240-->[com.google.android.gms:play-services-auth:20.4.0] AndroidManifest.xml:23:9-27:75
241            android:name="com.google.android.gms.auth.api.signin.internal.SignInHubActivity"
241-->[com.google.android.gms:play-services-auth:20.4.0] AndroidManifest.xml:24:13-93
242            android:excludeFromRecents="true"
242-->[com.google.android.gms:play-services-auth:20.4.0] AndroidManifest.xml:25:13-46
243            android:exported="false"
243-->[com.google.android.gms:play-services-auth:20.4.0] AndroidManifest.xml:26:13-37
244            android:theme="@android:style/Theme.Translucent.NoTitleBar" />
244-->[com.google.android.gms:play-services-auth:20.4.0] AndroidManifest.xml:27:13-72
245        <!--
246            Service handling Google Sign-In user revocation. For apps that do not integrate with
247            Google Sign-In, this service will never be started.
248        -->
249        <service
249-->[com.google.android.gms:play-services-auth:20.4.0] AndroidManifest.xml:33:9-37:51
250            android:name="com.google.android.gms.auth.api.signin.RevocationBoundService"
250-->[com.google.android.gms:play-services-auth:20.4.0] AndroidManifest.xml:34:13-89
251            android:exported="true"
251-->[com.google.android.gms:play-services-auth:20.4.0] AndroidManifest.xml:35:13-36
252            android:permission="com.google.android.gms.auth.api.signin.permission.REVOCATION_NOTIFICATION"
252-->[com.google.android.gms:play-services-auth:20.4.0] AndroidManifest.xml:36:13-107
253            android:visibleToInstantApps="true" />
253-->[com.google.android.gms:play-services-auth:20.4.0] AndroidManifest.xml:37:13-48
254
255        <receiver
255-->[com.google.firebase:firebase-messaging:23.1.1] AndroidManifest.xml:31:9-38:20
256            android:name="com.google.firebase.iid.FirebaseInstanceIdReceiver"
256-->[com.google.firebase:firebase-messaging:23.1.1] AndroidManifest.xml:32:13-78
257            android:exported="true"
257-->[com.google.firebase:firebase-messaging:23.1.1] AndroidManifest.xml:33:13-36
258            android:permission="com.google.android.c2dm.permission.SEND" >
258-->[com.google.firebase:firebase-messaging:23.1.1] AndroidManifest.xml:34:13-73
259            <intent-filter>
259-->[com.google.firebase:firebase-messaging:23.1.1] AndroidManifest.xml:35:13-37:29
260                <action android:name="com.google.android.c2dm.intent.RECEIVE" />
260-->[com.google.firebase:firebase-messaging:23.1.1] AndroidManifest.xml:36:17-81
260-->[com.google.firebase:firebase-messaging:23.1.1] AndroidManifest.xml:36:25-78
261            </intent-filter>
262        </receiver>
263        <!--
264             FirebaseMessagingService performs security checks at runtime,
265             but set to not exported to explicitly avoid allowing another app to call it.
266        -->
267        <service
267-->[com.google.firebase:firebase-messaging:23.1.1] AndroidManifest.xml:44:9-51:19
268            android:name="com.google.firebase.messaging.FirebaseMessagingService"
268-->[com.google.firebase:firebase-messaging:23.1.1] AndroidManifest.xml:45:13-82
269            android:directBootAware="true"
269-->[com.google.firebase:firebase-messaging:23.1.1] AndroidManifest.xml:46:13-43
270            android:exported="false" >
270-->[com.google.firebase:firebase-messaging:23.1.1] AndroidManifest.xml:47:13-37
271            <intent-filter android:priority="-500" >
271-->src\main\AndroidManifest.xml:87:13-89:29
272                <action android:name="com.google.firebase.MESSAGING_EVENT" />
272-->src\main\AndroidManifest.xml:88:17-78
272-->src\main\AndroidManifest.xml:88:25-75
273            </intent-filter>
274        </service> <!-- Include the AdActivity and InAppPurchaseActivity configChanges and themes. -->
275        <activity
275-->[com.google.android.gms:play-services-ads-lite:22.0.0] AndroidManifest.xml:53:9-58:43
276            android:name="com.google.android.gms.ads.AdActivity"
276-->[com.google.android.gms:play-services-ads-lite:22.0.0] AndroidManifest.xml:54:13-65
277            android:configChanges="keyboard|keyboardHidden|orientation|screenLayout|uiMode|screenSize|smallestScreenSize"
277-->[com.google.android.gms:play-services-ads-lite:22.0.0] AndroidManifest.xml:55:13-122
278            android:exported="false"
278-->[com.google.android.gms:play-services-ads-lite:22.0.0] AndroidManifest.xml:56:13-37
279            android:theme="@android:style/Theme.Translucent" />
279-->[com.google.android.gms:play-services-ads-lite:22.0.0] AndroidManifest.xml:57:13-61
280
281        <provider
281-->[com.google.android.gms:play-services-ads-lite:22.0.0] AndroidManifest.xml:60:9-65:43
282            android:name="com.google.android.gms.ads.MobileAdsInitProvider"
282-->[com.google.android.gms:play-services-ads-lite:22.0.0] AndroidManifest.xml:61:13-76
283            android:authorities="com.aivoice.translate.mobileadsinitprovider"
283-->[com.google.android.gms:play-services-ads-lite:22.0.0] AndroidManifest.xml:62:13-73
284            android:exported="false"
284-->[com.google.android.gms:play-services-ads-lite:22.0.0] AndroidManifest.xml:63:13-37
285            android:initOrder="100" />
285-->[com.google.android.gms:play-services-ads-lite:22.0.0] AndroidManifest.xml:64:13-36
286
287        <service
287-->[com.google.android.gms:play-services-ads-lite:22.0.0] AndroidManifest.xml:67:9-71:43
288            android:name="com.google.android.gms.ads.AdService"
288-->[com.google.android.gms:play-services-ads-lite:22.0.0] AndroidManifest.xml:68:13-64
289            android:enabled="true"